GAS LISTING C:\Users\Arthur\AppData\Local\Temp/ccKTiGVf.s 			page 1


   1               		.file	"ioisr.c"
   2               		.arch atmega128
   3               	__SREG__ = 0x3f
   4               	__SP_H__ = 0x3e
   5               	__SP_L__ = 0x3d
   6               	__tmp_reg__ = 0
   7               	__zero_reg__ = 1
   8               		.global __do_copy_data
   9               		.global __do_clear_bss
  10               		.section	.debug_abbrev,"",@progbits
  11               	.Ldebug_abbrev0:
  12               		.section	.debug_info,"",@progbits
  13               	.Ldebug_info0:
  14               		.section	.debug_line,"",@progbits
  15               	.Ldebug_line0:
  16               		.text
  17               	.Ltext0:
  18               	.global	wait
  19               		.type	wait, @function
  20               	wait:
  21               	.LFB6:
  22               	.LM1:
  23               	/* prologue: frame size=0 */
  24               	/* prologue end (size=0) */
  25               	.LVL0:
  26 0000 AC01      		movw r20,r24
  27 0002 20E0      		ldi r18,lo8(0)
  28 0004 30E0      		ldi r19,hi8(0)
  29               	.LVL1:
  30 0006 E0ED      		ldi r30,lo8(2000)
  31 0008 F7E0      		ldi r31,hi8(2000)
  32 000a 00C0      		rjmp .L2
  33               	.LVL2:
  34               	.L3:
  35               	.LBB9:
  36               	.LBB10:
  37               	.LBB11:
  38               	.LBB12:
  39               	.LBB13:
  40               	.LM2:
  41 000c CF01      		movw r24,r30
  42               	/* #APP */
  43 000e 0197      		1: sbiw r24,1
  44 0010 01F4      		brne 1b
  45               	/* #NOAPP */
  46               	.LBE13:
  47               	.LBE12:
  48               	.LBE11:
  49               	.LBE10:
  50               	.LM3:
  51 0012 2F5F      		subi r18,lo8(-(1))
  52 0014 3F4F      		sbci r19,hi8(-(1))
  53               	.LVL3:
  54               	.L2:
  55 0016 2417      		cp r18,r20
  56 0018 3507      		cpc r19,r21
  57 001a 04F0      		brlt .L3
GAS LISTING C:\Users\Arthur\AppData\Local\Temp/ccKTiGVf.s 			page 2


  58               	.LBE9:
  59               	/* epilogue: frame size=0 */
  60 001c 0895      		ret
  61               	/* epilogue end (size=1) */
  62               	/* function wait size 17 (16) */
  63               	.LFE6:
  64               		.size	wait, .-wait
  65               	.global	__vector_1
  66               		.type	__vector_1, @function
  67               	__vector_1:
  68               	.LFB7:
  69               	.LM4:
  70               	/* prologue: frame size=0 */
  71 001e 1F92      		push __zero_reg__
  72 0020 0F92      		push __tmp_reg__
  73 0022 0FB6      		in __tmp_reg__,__SREG__
  74 0024 0F92      		push __tmp_reg__
  75 0026 1124      		clr __zero_reg__
  76               	/* prologue end (size=5) */
  77               	.LM5:
  78 0028 959A      		sbi 50-0x20,5
  79               	/* epilogue: frame size=0 */
  80 002a 0F90      		pop __tmp_reg__
  81 002c 0FBE      		out __SREG__,__tmp_reg__
  82 002e 0F90      		pop __tmp_reg__
  83 0030 1F90      		pop __zero_reg__
  84 0032 1895      		reti
  85               	/* epilogue end (size=5) */
  86               	/* function __vector_1 size 11 (1) */
  87               	.LFE7:
  88               		.size	__vector_1, .-__vector_1
  89               	.global	__vector_2
  90               		.type	__vector_2, @function
  91               	__vector_2:
  92               	.LFB8:
  93               	.LM6:
  94               	/* prologue: frame size=0 */
  95 0034 1F92      		push __zero_reg__
  96 0036 0F92      		push __tmp_reg__
  97 0038 0FB6      		in __tmp_reg__,__SREG__
  98 003a 0F92      		push __tmp_reg__
  99 003c 1124      		clr __zero_reg__
 100               	/* prologue end (size=5) */
 101               	.LM7:
 102 003e 9598      		cbi 50-0x20,5
 103               	/* epilogue: frame size=0 */
 104 0040 0F90      		pop __tmp_reg__
 105 0042 0FBE      		out __SREG__,__tmp_reg__
 106 0044 0F90      		pop __tmp_reg__
 107 0046 1F90      		pop __zero_reg__
 108 0048 1895      		reti
 109               	/* epilogue end (size=5) */
 110               	/* function __vector_2 size 11 (1) */
 111               	.LFE8:
 112               		.size	__vector_2, .-__vector_2
 113               	.global	__vector_5
 114               		.type	__vector_5, @function
GAS LISTING C:\Users\Arthur\AppData\Local\Temp/ccKTiGVf.s 			page 3


 115               	__vector_5:
 116               	.LFB9:
 117               	.LM8:
 118               	/* prologue: frame size=0 */
 119 004a 1F92      		push __zero_reg__
 120 004c 0F92      		push __tmp_reg__
 121 004e 0FB6      		in __tmp_reg__,__SREG__
 122 0050 0F92      		push __tmp_reg__
 123 0052 1124      		clr __zero_reg__
 124               	/* prologue end (size=5) */
 125               	.LM9:
 126 0054 959A      		sbi 50-0x20,5
 127               	/* epilogue: frame size=0 */
 128 0056 0F90      		pop __tmp_reg__
 129 0058 0FBE      		out __SREG__,__tmp_reg__
 130 005a 0F90      		pop __tmp_reg__
 131 005c 1F90      		pop __zero_reg__
 132 005e 1895      		reti
 133               	/* epilogue end (size=5) */
 134               	/* function __vector_5 size 11 (1) */
 135               	.LFE9:
 136               		.size	__vector_5, .-__vector_5
 137               	.global	main
 138               		.type	main, @function
 139               	main:
 140               	.LFB10:
 141               	.LM10:
 142               	/* prologue: frame size=0 */
 143               	/* prologue end (size=0) */
 144               	.LM11:
 145 0060 80EF      		ldi r24,lo8(-16)
 146 0062 81BB      		out 49-0x20,r24
 147               	.LM12:
 148 0064 80E6      		ldi r24,lo8(96)
 149 0066 82B9      		out 34-0x20,r24
 150               	.LM13:
 151 0068 8091 6A00 		lds r24,106
 152 006c 8B60      		ori r24,lo8(11)
 153 006e 8093 6A00 		sts 106,r24
 154               	.LM14:
 155 0072 8AB7      		in r24,90-0x20
 156 0074 8360      		ori r24,lo8(3)
 157 0076 8ABF      		out 90-0x20,r24
 158               	.LM15:
 159 0078 89B7      		in r24,89-0x20
 160 007a 8361      		ori r24,lo8(19)
 161 007c 89BF      		out 89-0x20,r24
 162               	.LM16:
 163               	/* #APP */
 164 007e 7894      		sei
 165               	/* #NOAPP */
 166               	.L13:
 167               	.LM17:
 168 0080 82B3      		in r24,50-0x20
 169 0082 8058      		subi r24,lo8(-(-128))
 170 0084 82BB      		out 50-0x20,r24
 171               	.LM18:
GAS LISTING C:\Users\Arthur\AppData\Local\Temp/ccKTiGVf.s 			page 4


 172 0086 84EF      		ldi r24,lo8(500)
 173 0088 91E0      		ldi r25,hi8(500)
 174 008a 0E94 0000 		call wait
 175 008e 00C0      		rjmp .L13
 176               	/* epilogue: frame size=0 */
 177               	/* epilogue: noreturn */
 178               	/* epilogue end (size=0) */
 179               	/* function main size 25 (25) */
 180               	.LFE10:
 181               		.size	main, .-main
 182               		.section	.debug_frame,"",@progbits
 183               	.Lframe0:
 184 0000 0C00 0000 		.long	.LECIE0-.LSCIE0
 185               	.LSCIE0:
 186 0004 FFFF FFFF 		.long	0xffffffff
 187 0008 01        		.byte	0x1
 188 0009 00        		.string	""
 189 000a 01        		.uleb128 0x1
 190 000b 7F        		.sleb128 -1
 191 000c 24        		.byte	0x24
 192 000d 0C        		.byte	0xc
 193 000e 20        		.uleb128 0x20
 194 000f 00        		.uleb128 0x0
 195               		.p2align	2
 196               	.LECIE0:
 197               	.LSFDE0:
 198 0010 0C00 0000 		.long	.LEFDE0-.LASFDE0
 199               	.LASFDE0:
 200 0014 0000 0000 		.long	.Lframe0
 201 0018 0000 0000 		.long	.LFB6
 202 001c 1E00 0000 		.long	.LFE6-.LFB6
 203               		.p2align	2
 204               	.LEFDE0:
 205               	.LSFDE2:
 206 0020 0C00 0000 		.long	.LEFDE2-.LASFDE2
 207               	.LASFDE2:
 208 0024 0000 0000 		.long	.Lframe0
 209 0028 0000 0000 		.long	.LFB7
 210 002c 1600 0000 		.long	.LFE7-.LFB7
 211               		.p2align	2
 212               	.LEFDE2:
 213               	.LSFDE4:
 214 0030 0C00 0000 		.long	.LEFDE4-.LASFDE4
 215               	.LASFDE4:
 216 0034 0000 0000 		.long	.Lframe0
 217 0038 0000 0000 		.long	.LFB8
 218 003c 1600 0000 		.long	.LFE8-.LFB8
 219               		.p2align	2
 220               	.LEFDE4:
 221               	.LSFDE6:
 222 0040 0C00 0000 		.long	.LEFDE6-.LASFDE6
 223               	.LASFDE6:
 224 0044 0000 0000 		.long	.Lframe0
 225 0048 0000 0000 		.long	.LFB9
 226 004c 1600 0000 		.long	.LFE9-.LFB9
 227               		.p2align	2
 228               	.LEFDE6:
GAS LISTING C:\Users\Arthur\AppData\Local\Temp/ccKTiGVf.s 			page 5


 229               	.LSFDE8:
 230 0050 0C00 0000 		.long	.LEFDE8-.LASFDE8
 231               	.LASFDE8:
 232 0054 0000 0000 		.long	.Lframe0
 233 0058 0000 0000 		.long	.LFB10
 234 005c 3000 0000 		.long	.LFE10-.LFB10
 235               		.p2align	2
 236               	.LEFDE8:
 237               		.text
 238               	.Letext0:
 239               		.section	.debug_line
 240 0000 2A01 0000 		.long	.LELT0-.LSLT0
 241               	.LSLT0:
 242 0004 0200      		.word	0x2
 243 0006 8100 0000 		.long	.LELTP0-.LASLTP0
 244               	.LASLTP0:
 245 000a 01        		.byte	0x1
 246 000b 01        		.byte	0x1
 247 000c F6        		.byte	0xf6
 248 000d F5        		.byte	0xf5
 249 000e 0A        		.byte	0xa
 250 000f 00        		.byte	0x0
 251 0010 01        		.byte	0x1
 252 0011 01        		.byte	0x1
 253 0012 01        		.byte	0x1
 254 0013 01        		.byte	0x1
 255 0014 00        		.byte	0x0
 256 0015 00        		.byte	0x0
 257 0016 00        		.byte	0x0
 258 0017 01        		.byte	0x1
 259 0018 633A 2F77 		.ascii	"c:/winavr-20070525/bin/../avr/include"
 259      696E 6176 
 259      722D 3230 
 259      3037 3035 
 259      3235 2F62 
 260 003d 00        		.byte	0
 261 003e 00        		.byte	0x0
 262 003f 7374 6469 		.string	"stdint.h"
 262      6E74 2E68 
 262      00
 263 0048 01        		.uleb128 0x1
 264 0049 00        		.uleb128 0x0
 265 004a 00        		.uleb128 0x0
 266 004b 696E 7474 		.string	"inttypes.h"
 266      7970 6573 
 266      2E68 00
 267 0056 01        		.uleb128 0x1
 268 0057 00        		.uleb128 0x0
 269 0058 00        		.uleb128 0x0
 270 0059 7574 696C 		.string	"util/delay_basic.h"
 270      2F64 656C 
 270      6179 5F62 
 270      6173 6963 
 270      2E68 00
 271 006c 01        		.uleb128 0x1
 272 006d 00        		.uleb128 0x0
 273 006e 00        		.uleb128 0x0
GAS LISTING C:\Users\Arthur\AppData\Local\Temp/ccKTiGVf.s 			page 6


 274 006f 7574 696C 		.string	"util/delay.h"
 274      2F64 656C 
 274      6179 2E68 
 274      00
 275 007c 01        		.uleb128 0x1
 276 007d 00        		.uleb128 0x0
 277 007e 00        		.uleb128 0x0
 278 007f 696F 6973 		.string	"ioisr.c"
 278      722E 6300 
 279 0087 00        		.uleb128 0x0
 280 0088 00        		.uleb128 0x0
 281 0089 00        		.uleb128 0x0
 282 008a 00        		.byte	0x0
 283               	.LELTP0:
 284 008b 00        		.byte	0x0
 285 008c 05        		.uleb128 0x5
 286 008d 02        		.byte	0x2
 287 008e 0000 0000 		.long	.LM1
 288 0092 04        		.byte	0x4
 289 0093 05        		.uleb128 0x5
 290 0094 35        		.byte	0x35
 291 0095 00        		.byte	0x0
 292 0096 05        		.uleb128 0x5
 293 0097 02        		.byte	0x2
 294 0098 0000 0000 		.long	.LM2
 295 009c 04        		.byte	0x4
 296 009d 03        		.uleb128 0x3
 297 009e 5B        		.byte	0x5b
 298 009f 00        		.byte	0x0
 299 00a0 05        		.uleb128 0x5
 300 00a1 02        		.byte	0x2
 301 00a2 0000 0000 		.long	.LM3
 302 00a6 04        		.byte	0x4
 303 00a7 05        		.uleb128 0x5
 304 00a8 03        		.byte	0x3
 305 00a9 BA7F      		.sleb128 -70
 306 00ab 01        		.byte	0x1
 307 00ac 00        		.byte	0x0
 308 00ad 05        		.uleb128 0x5
 309 00ae 02        		.byte	0x2
 310 00af 0000 0000 		.long	.LM4
 311 00b3 23        		.byte	0x23
 312 00b4 00        		.byte	0x0
 313 00b5 05        		.uleb128 0x5
 314 00b6 02        		.byte	0x2
 315 00b7 0000 0000 		.long	.LM5
 316 00bb 15        		.byte	0x15
 317 00bc 00        		.byte	0x0
 318 00bd 05        		.uleb128 0x5
 319 00be 02        		.byte	0x2
 320 00bf 0000 0000 		.long	.LM6
 321 00c3 20        		.byte	0x20
 322 00c4 00        		.byte	0x0
 323 00c5 05        		.uleb128 0x5
 324 00c6 02        		.byte	0x2
 325 00c7 0000 0000 		.long	.LM7
 326 00cb 15        		.byte	0x15
GAS LISTING C:\Users\Arthur\AppData\Local\Temp/ccKTiGVf.s 			page 7


 327 00cc 00        		.byte	0x0
 328 00cd 05        		.uleb128 0x5
 329 00ce 02        		.byte	0x2
 330 00cf 0000 0000 		.long	.LM8
 331 00d3 1F        		.byte	0x1f
 332 00d4 00        		.byte	0x0
 333 00d5 05        		.uleb128 0x5
 334 00d6 02        		.byte	0x2
 335 00d7 0000 0000 		.long	.LM9
 336 00db 15        		.byte	0x15
 337 00dc 00        		.byte	0x0
 338 00dd 05        		.uleb128 0x5
 339 00de 02        		.byte	0x2
 340 00df 0000 0000 		.long	.LM10
 341 00e3 20        		.byte	0x20
 342 00e4 00        		.byte	0x0
 343 00e5 05        		.uleb128 0x5
 344 00e6 02        		.byte	0x2
 345 00e7 0000 0000 		.long	.LM11
 346 00eb 16        		.byte	0x16
 347 00ec 00        		.byte	0x0
 348 00ed 05        		.uleb128 0x5
 349 00ee 02        		.byte	0x2
 350 00ef 0000 0000 		.long	.LM12
 351 00f3 15        		.byte	0x15
 352 00f4 00        		.byte	0x0
 353 00f5 05        		.uleb128 0x5
 354 00f6 02        		.byte	0x2
 355 00f7 0000 0000 		.long	.LM13
 356 00fb 16        		.byte	0x16
 357 00fc 00        		.byte	0x0
 358 00fd 05        		.uleb128 0x5
 359 00fe 02        		.byte	0x2
 360 00ff 0000 0000 		.long	.LM14
 361 0103 15        		.byte	0x15
 362 0104 00        		.byte	0x0
 363 0105 05        		.uleb128 0x5
 364 0106 02        		.byte	0x2
 365 0107 0000 0000 		.long	.LM15
 366 010b 15        		.byte	0x15
 367 010c 00        		.byte	0x0
 368 010d 05        		.uleb128 0x5
 369 010e 02        		.byte	0x2
 370 010f 0000 0000 		.long	.LM16
 371 0113 18        		.byte	0x18
 372 0114 00        		.byte	0x0
 373 0115 05        		.uleb128 0x5
 374 0116 02        		.byte	0x2
 375 0117 0000 0000 		.long	.LM17
 376 011b 18        		.byte	0x18
 377 011c 00        		.byte	0x0
 378 011d 05        		.uleb128 0x5
 379 011e 02        		.byte	0x2
 380 011f 0000 0000 		.long	.LM18
 381 0123 15        		.byte	0x15
 382 0124 00        		.byte	0x0
 383 0125 05        		.uleb128 0x5
GAS LISTING C:\Users\Arthur\AppData\Local\Temp/ccKTiGVf.s 			page 8


 384 0126 02        		.byte	0x2
 385 0127 0000 0000 		.long	.Letext0
 386 012b 00        		.byte	0x0
 387 012c 01        		.uleb128 0x1
 388 012d 01        		.byte	0x1
 389               	.LELT0:
 390 012e 1900 0000 		.section	.debug_loc,"",@progbits
 390      0200 1300 
 390      0000 0101 
 390      FB0E 0D00 
 390      0101 0101 
 391               	.Ldebug_loc0:
 392               	.LLST1:
 393 0000 0000 0000 		.long	.LVL0-.Ltext0
 394 0004 0C00 0000 		.long	.LVL2-.Ltext0
 395 0008 0600      		.word	0x6
 396 000a 68        		.byte	0x68
 397 000b 93        		.byte	0x93
 398 000c 01        		.uleb128 0x1
 399 000d 69        		.byte	0x69
 400 000e 93        		.byte	0x93
 401 000f 01        		.uleb128 0x1
 402 0010 0C00 0000 		.long	.LVL2-.Ltext0
 403 0014 1E00 0000 		.long	.LFE6-.Ltext0
 404 0018 0600      		.word	0x6
 405 001a 64        		.byte	0x64
 406 001b 93        		.byte	0x93
 407 001c 01        		.uleb128 0x1
 408 001d 65        		.byte	0x65
 409 001e 93        		.byte	0x93
 410 001f 01        		.uleb128 0x1
 411 0020 0000 0000 		.long	0x0
 412 0024 0000 0000 		.long	0x0
 413               		.section	.debug_info
 414 0000 8F01 0000 		.long	0x18f
 415 0004 0200      		.word	0x2
 416 0006 0000 0000 		.long	.Ldebug_abbrev0
 417 000a 04        		.byte	0x4
 418 000b 01        		.uleb128 0x1
 419 000c 0000 0000 		.long	.Ldebug_line0
 420 0010 0000 0000 		.long	.Letext0
 421 0014 0000 0000 		.long	.Ltext0
 422 0018 0000 0000 		.long	.LASF18
 423 001c 01        		.byte	0x1
 424 001d 0000 0000 		.long	.LASF19
 425 0021 0000 0000 		.long	.LASF20
 426 0025 02        		.uleb128 0x2
 427 0026 0000 0000 		.long	.LASF0
 428 002a 01        		.byte	0x1
 429 002b 06        		.byte	0x6
 430 002c 02        		.uleb128 0x2
 431 002d 0000 0000 		.long	.LASF1
 432 0031 01        		.byte	0x1
 433 0032 08        		.byte	0x8
 434 0033 03        		.uleb128 0x3
 435 0034 696E 7400 		.string	"int"
 436 0038 02        		.byte	0x2
GAS LISTING C:\Users\Arthur\AppData\Local\Temp/ccKTiGVf.s 			page 9


 437 0039 05        		.byte	0x5
 438 003a 04        		.uleb128 0x4
 439 003b 0000 0000 		.long	.LASF21
 440 003f 01        		.byte	0x1
 441 0040 7C        		.byte	0x7c
 442 0041 4500 0000 		.long	0x45
 443 0045 02        		.uleb128 0x2
 444 0046 0000 0000 		.long	.LASF2
 445 004a 02        		.byte	0x2
 446 004b 07        		.byte	0x7
 447 004c 02        		.uleb128 0x2
 448 004d 0000 0000 		.long	.LASF3
 449 0051 04        		.byte	0x4
 450 0052 05        		.byte	0x5
 451 0053 02        		.uleb128 0x2
 452 0054 0000 0000 		.long	.LASF4
 453 0058 04        		.byte	0x4
 454 0059 07        		.byte	0x7
 455 005a 02        		.uleb128 0x2
 456 005b 0000 0000 		.long	.LASF5
 457 005f 08        		.byte	0x8
 458 0060 05        		.byte	0x5
 459 0061 02        		.uleb128 0x2
 460 0062 0000 0000 		.long	.LASF6
 461 0066 08        		.byte	0x8
 462 0067 07        		.byte	0x7
 463 0068 05        		.uleb128 0x5
 464 0069 8100 0000 		.long	0x81
 465 006d 0000 0000 		.long	.LASF7
 466 0071 03        		.byte	0x3
 467 0072 68        		.byte	0x68
 468 0073 01        		.byte	0x1
 469 0074 03        		.byte	0x3
 470 0075 06        		.uleb128 0x6
 471 0076 0000 0000 		.long	.LASF9
 472 007a 03        		.byte	0x3
 473 007b 67        		.byte	0x67
 474 007c 3A00 0000 		.long	0x3a
 475 0080 00        		.byte	0x0
 476 0081 05        		.uleb128 0x5
 477 0082 B100 0000 		.long	0xb1
 478 0086 0000 0000 		.long	.LASF8
 479 008a 04        		.byte	0x4
 480 008b 81        		.byte	0x81
 481 008c 01        		.byte	0x1
 482 008d 03        		.byte	0x3
 483 008e 06        		.uleb128 0x6
 484 008f 0000 0000 		.long	.LASF10
 485 0093 04        		.byte	0x4
 486 0094 80        		.byte	0x80
 487 0095 B100 0000 		.long	0xb1
 488 0099 07        		.uleb128 0x7
 489 009a 0000 0000 		.long	.LASF11
 490 009e 04        		.byte	0x4
 491 009f 82        		.byte	0x82
 492 00a0 3A00 0000 		.long	0x3a
 493 00a4 07        		.uleb128 0x7
GAS LISTING C:\Users\Arthur\AppData\Local\Temp/ccKTiGVf.s 			page 10


 494 00a5 0000 0000 		.long	.LASF12
 495 00a9 04        		.byte	0x4
 496 00aa 83        		.byte	0x83
 497 00ab B100 0000 		.long	0xb1
 498 00af 08        		.uleb128 0x8
 499 00b0 00        		.byte	0x0
 500 00b1 02        		.uleb128 0x2
 501 00b2 0000 0000 		.long	.LASF13
 502 00b6 04        		.byte	0x4
 503 00b7 04        		.byte	0x4
 504 00b8 09        		.uleb128 0x9
 505 00b9 3E01 0000 		.long	0x13e
 506 00bd 01        		.byte	0x1
 507 00be 0000 0000 		.long	.LASF22
 508 00c2 05        		.byte	0x5
 509 00c3 22        		.byte	0x22
 510 00c4 01        		.byte	0x1
 511 00c5 0000 0000 		.long	.LFB6
 512 00c9 0000 0000 		.long	.LFE6
 513 00cd 02        		.byte	0x2
 514 00ce 90        		.byte	0x90
 515 00cf 20        		.uleb128 0x20
 516 00d0 0A        		.uleb128 0xa
 517 00d1 6D73 00   		.string	"ms"
 518 00d4 05        		.byte	0x5
 519 00d5 18        		.byte	0x18
 520 00d6 3300 0000 		.long	0x33
 521 00da 0000 0000 		.long	.LLST1
 522 00de 0B        		.uleb128 0xb
 523 00df 0000 0000 		.long	.LBB9
 524 00e3 0000 0000 		.long	.LBE9
 525 00e7 0C        		.uleb128 0xc
 526 00e8 6900      		.string	"i"
 527 00ea 05        		.byte	0x5
 528 00eb 23        		.byte	0x23
 529 00ec 3300 0000 		.long	0x33
 530 00f0 06        		.byte	0x6
 531 00f1 62        		.byte	0x62
 532 00f2 93        		.byte	0x93
 533 00f3 01        		.uleb128 0x1
 534 00f4 63        		.byte	0x63
 535 00f5 93        		.byte	0x93
 536 00f6 01        		.uleb128 0x1
 537 00f7 0D        		.uleb128 0xd
 538 00f8 8100 0000 		.long	0x81
 539 00fc 0000 0000 		.long	.LBB10
 540 0100 0000 0000 		.long	.LBE10
 541 0104 05        		.byte	0x5
 542 0105 25        		.byte	0x25
 543 0106 0E        		.uleb128 0xe
 544 0107 8E00 0000 		.long	0x8e
 545 010b 0B        		.uleb128 0xb
 546 010c 0000 0000 		.long	.LBB11
 547 0110 0000 0000 		.long	.LBE11
 548 0114 0F        		.uleb128 0xf
 549 0115 9900 0000 		.long	0x99
 550 0119 0F        		.uleb128 0xf
GAS LISTING C:\Users\Arthur\AppData\Local\Temp/ccKTiGVf.s 			page 11


 551 011a A400 0000 		.long	0xa4
 552 011e 0D        		.uleb128 0xd
 553 011f 6800 0000 		.long	0x68
 554 0123 0000 0000 		.long	.LBB12
 555 0127 0000 0000 		.long	.LBE12
 556 012b 04        		.byte	0x4
 557 012c 8A        		.byte	0x8a
 558 012d 10        		.uleb128 0x10
 559 012e 7500 0000 		.long	0x75
 560 0132 06        		.byte	0x6
 561 0133 68        		.byte	0x68
 562 0134 93        		.byte	0x93
 563 0135 01        		.uleb128 0x1
 564 0136 69        		.byte	0x69
 565 0137 93        		.byte	0x93
 566 0138 01        		.uleb128 0x1
 567 0139 00        		.byte	0x0
 568 013a 00        		.byte	0x0
 569 013b 00        		.byte	0x0
 570 013c 00        		.byte	0x0
 571 013d 00        		.byte	0x0
 572 013e 11        		.uleb128 0x11
 573 013f 01        		.byte	0x1
 574 0140 0000 0000 		.long	.LASF14
 575 0144 05        		.byte	0x5
 576 0145 32        		.byte	0x32
 577 0146 01        		.byte	0x1
 578 0147 0000 0000 		.long	.LFB7
 579 014b 0000 0000 		.long	.LFE7
 580 014f 02        		.byte	0x2
 581 0150 90        		.byte	0x90
 582 0151 20        		.uleb128 0x20
 583 0152 11        		.uleb128 0x11
 584 0153 01        		.byte	0x1
 585 0154 0000 0000 		.long	.LASF15
 586 0158 05        		.byte	0x5
 587 0159 3F        		.byte	0x3f
 588 015a 01        		.byte	0x1
 589 015b 0000 0000 		.long	.LFB8
 590 015f 0000 0000 		.long	.LFE8
 591 0163 02        		.byte	0x2
 592 0164 90        		.byte	0x90
 593 0165 20        		.uleb128 0x20
 594 0166 11        		.uleb128 0x11
 595 0167 01        		.byte	0x1
 596 0168 0000 0000 		.long	.LASF16
 597 016c 05        		.byte	0x5
 598 016d 4B        		.byte	0x4b
 599 016e 01        		.byte	0x1
 600 016f 0000 0000 		.long	.LFB9
 601 0173 0000 0000 		.long	.LFE9
 602 0177 02        		.byte	0x2
 603 0178 90        		.byte	0x90
 604 0179 20        		.uleb128 0x20
 605 017a 12        		.uleb128 0x12
 606 017b 01        		.byte	0x1
 607 017c 0000 0000 		.long	.LASF17
GAS LISTING C:\Users\Arthur\AppData\Local\Temp/ccKTiGVf.s 			page 12


 608 0180 05        		.byte	0x5
 609 0181 58        		.byte	0x58
 610 0182 01        		.byte	0x1
 611 0183 3300 0000 		.long	0x33
 612 0187 0000 0000 		.long	.LFB10
 613 018b 0000 0000 		.long	.LFE10
 614 018f 02        		.byte	0x2
 615 0190 90        		.byte	0x90
 616 0191 20        		.uleb128 0x20
 617 0192 00        		.byte	0x0
 618               		.section	.debug_abbrev
 619 0000 01        		.uleb128 0x1
 620 0001 11        		.uleb128 0x11
 621 0002 01        		.byte	0x1
 622 0003 10        		.uleb128 0x10
 623 0004 06        		.uleb128 0x6
 624 0005 12        		.uleb128 0x12
 625 0006 01        		.uleb128 0x1
 626 0007 11        		.uleb128 0x11
 627 0008 01        		.uleb128 0x1
 628 0009 25        		.uleb128 0x25
 629 000a 0E        		.uleb128 0xe
 630 000b 13        		.uleb128 0x13
 631 000c 0B        		.uleb128 0xb
 632 000d 03        		.uleb128 0x3
 633 000e 0E        		.uleb128 0xe
 634 000f 1B        		.uleb128 0x1b
 635 0010 0E        		.uleb128 0xe
 636 0011 00        		.byte	0x0
 637 0012 00        		.byte	0x0
 638 0013 02        		.uleb128 0x2
 639 0014 24        		.uleb128 0x24
 640 0015 00        		.byte	0x0
 641 0016 03        		.uleb128 0x3
 642 0017 0E        		.uleb128 0xe
 643 0018 0B        		.uleb128 0xb
 644 0019 0B        		.uleb128 0xb
 645 001a 3E        		.uleb128 0x3e
 646 001b 0B        		.uleb128 0xb
 647 001c 00        		.byte	0x0
 648 001d 00        		.byte	0x0
 649 001e 03        		.uleb128 0x3
 650 001f 24        		.uleb128 0x24
 651 0020 00        		.byte	0x0
 652 0021 03        		.uleb128 0x3
 653 0022 08        		.uleb128 0x8
 654 0023 0B        		.uleb128 0xb
 655 0024 0B        		.uleb128 0xb
 656 0025 3E        		.uleb128 0x3e
 657 0026 0B        		.uleb128 0xb
 658 0027 00        		.byte	0x0
 659 0028 00        		.byte	0x0
 660 0029 04        		.uleb128 0x4
 661 002a 16        		.uleb128 0x16
 662 002b 00        		.byte	0x0
 663 002c 03        		.uleb128 0x3
 664 002d 0E        		.uleb128 0xe
GAS LISTING C:\Users\Arthur\AppData\Local\Temp/ccKTiGVf.s 			page 13


 665 002e 3A        		.uleb128 0x3a
 666 002f 0B        		.uleb128 0xb
 667 0030 3B        		.uleb128 0x3b
 668 0031 0B        		.uleb128 0xb
 669 0032 49        		.uleb128 0x49
 670 0033 13        		.uleb128 0x13
 671 0034 00        		.byte	0x0
 672 0035 00        		.byte	0x0
 673 0036 05        		.uleb128 0x5
 674 0037 2E        		.uleb128 0x2e
 675 0038 01        		.byte	0x1
 676 0039 01        		.uleb128 0x1
 677 003a 13        		.uleb128 0x13
 678 003b 03        		.uleb128 0x3
 679 003c 0E        		.uleb128 0xe
 680 003d 3A        		.uleb128 0x3a
 681 003e 0B        		.uleb128 0xb
 682 003f 3B        		.uleb128 0x3b
 683 0040 0B        		.uleb128 0xb
 684 0041 27        		.uleb128 0x27
 685 0042 0C        		.uleb128 0xc
 686 0043 20        		.uleb128 0x20
 687 0044 0B        		.uleb128 0xb
 688 0045 00        		.byte	0x0
 689 0046 00        		.byte	0x0
 690 0047 06        		.uleb128 0x6
 691 0048 05        		.uleb128 0x5
 692 0049 00        		.byte	0x0
 693 004a 03        		.uleb128 0x3
 694 004b 0E        		.uleb128 0xe
 695 004c 3A        		.uleb128 0x3a
 696 004d 0B        		.uleb128 0xb
 697 004e 3B        		.uleb128 0x3b
 698 004f 0B        		.uleb128 0xb
 699 0050 49        		.uleb128 0x49
 700 0051 13        		.uleb128 0x13
 701 0052 00        		.byte	0x0
 702 0053 00        		.byte	0x0
 703 0054 07        		.uleb128 0x7
 704 0055 34        		.uleb128 0x34
 705 0056 00        		.byte	0x0
 706 0057 03        		.uleb128 0x3
 707 0058 0E        		.uleb128 0xe
 708 0059 3A        		.uleb128 0x3a
 709 005a 0B        		.uleb128 0xb
 710 005b 3B        		.uleb128 0x3b
 711 005c 0B        		.uleb128 0xb
 712 005d 49        		.uleb128 0x49
 713 005e 13        		.uleb128 0x13
 714 005f 00        		.byte	0x0
 715 0060 00        		.byte	0x0
 716 0061 08        		.uleb128 0x8
 717 0062 0B        		.uleb128 0xb
 718 0063 00        		.byte	0x0
 719 0064 00        		.byte	0x0
 720 0065 00        		.byte	0x0
 721 0066 09        		.uleb128 0x9
GAS LISTING C:\Users\Arthur\AppData\Local\Temp/ccKTiGVf.s 			page 14


 722 0067 2E        		.uleb128 0x2e
 723 0068 01        		.byte	0x1
 724 0069 01        		.uleb128 0x1
 725 006a 13        		.uleb128 0x13
 726 006b 3F        		.uleb128 0x3f
 727 006c 0C        		.uleb128 0xc
 728 006d 03        		.uleb128 0x3
 729 006e 0E        		.uleb128 0xe
 730 006f 3A        		.uleb128 0x3a
 731 0070 0B        		.uleb128 0xb
 732 0071 3B        		.uleb128 0x3b
 733 0072 0B        		.uleb128 0xb
 734 0073 27        		.uleb128 0x27
 735 0074 0C        		.uleb128 0xc
 736 0075 11        		.uleb128 0x11
 737 0076 01        		.uleb128 0x1
 738 0077 12        		.uleb128 0x12
 739 0078 01        		.uleb128 0x1
 740 0079 40        		.uleb128 0x40
 741 007a 0A        		.uleb128 0xa
 742 007b 00        		.byte	0x0
 743 007c 00        		.byte	0x0
 744 007d 0A        		.uleb128 0xa
 745 007e 05        		.uleb128 0x5
 746 007f 00        		.byte	0x0
 747 0080 03        		.uleb128 0x3
 748 0081 08        		.uleb128 0x8
 749 0082 3A        		.uleb128 0x3a
 750 0083 0B        		.uleb128 0xb
 751 0084 3B        		.uleb128 0x3b
 752 0085 0B        		.uleb128 0xb
 753 0086 49        		.uleb128 0x49
 754 0087 13        		.uleb128 0x13
 755 0088 02        		.uleb128 0x2
 756 0089 06        		.uleb128 0x6
 757 008a 00        		.byte	0x0
 758 008b 00        		.byte	0x0
 759 008c 0B        		.uleb128 0xb
 760 008d 0B        		.uleb128 0xb
 761 008e 01        		.byte	0x1
 762 008f 11        		.uleb128 0x11
 763 0090 01        		.uleb128 0x1
 764 0091 12        		.uleb128 0x12
 765 0092 01        		.uleb128 0x1
 766 0093 00        		.byte	0x0
 767 0094 00        		.byte	0x0
 768 0095 0C        		.uleb128 0xc
 769 0096 34        		.uleb128 0x34
 770 0097 00        		.byte	0x0
 771 0098 03        		.uleb128 0x3
 772 0099 08        		.uleb128 0x8
 773 009a 3A        		.uleb128 0x3a
 774 009b 0B        		.uleb128 0xb
 775 009c 3B        		.uleb128 0x3b
 776 009d 0B        		.uleb128 0xb
 777 009e 49        		.uleb128 0x49
 778 009f 13        		.uleb128 0x13
GAS LISTING C:\Users\Arthur\AppData\Local\Temp/ccKTiGVf.s 			page 15


 779 00a0 02        		.uleb128 0x2
 780 00a1 0A        		.uleb128 0xa
 781 00a2 00        		.byte	0x0
 782 00a3 00        		.byte	0x0
 783 00a4 0D        		.uleb128 0xd
 784 00a5 1D        		.uleb128 0x1d
 785 00a6 01        		.byte	0x1
 786 00a7 31        		.uleb128 0x31
 787 00a8 13        		.uleb128 0x13
 788 00a9 11        		.uleb128 0x11
 789 00aa 01        		.uleb128 0x1
 790 00ab 12        		.uleb128 0x12
 791 00ac 01        		.uleb128 0x1
 792 00ad 58        		.uleb128 0x58
 793 00ae 0B        		.uleb128 0xb
 794 00af 59        		.uleb128 0x59
 795 00b0 0B        		.uleb128 0xb
 796 00b1 00        		.byte	0x0
 797 00b2 00        		.byte	0x0
 798 00b3 0E        		.uleb128 0xe
 799 00b4 05        		.uleb128 0x5
 800 00b5 00        		.byte	0x0
 801 00b6 31        		.uleb128 0x31
 802 00b7 13        		.uleb128 0x13
 803 00b8 00        		.byte	0x0
 804 00b9 00        		.byte	0x0
 805 00ba 0F        		.uleb128 0xf
 806 00bb 34        		.uleb128 0x34
 807 00bc 00        		.byte	0x0
 808 00bd 31        		.uleb128 0x31
 809 00be 13        		.uleb128 0x13
 810 00bf 00        		.byte	0x0
 811 00c0 00        		.byte	0x0
 812 00c1 10        		.uleb128 0x10
 813 00c2 05        		.uleb128 0x5
 814 00c3 00        		.byte	0x0
 815 00c4 31        		.uleb128 0x31
 816 00c5 13        		.uleb128 0x13
 817 00c6 02        		.uleb128 0x2
 818 00c7 0A        		.uleb128 0xa
 819 00c8 00        		.byte	0x0
 820 00c9 00        		.byte	0x0
 821 00ca 11        		.uleb128 0x11
 822 00cb 2E        		.uleb128 0x2e
 823 00cc 00        		.byte	0x0
 824 00cd 3F        		.uleb128 0x3f
 825 00ce 0C        		.uleb128 0xc
 826 00cf 03        		.uleb128 0x3
 827 00d0 0E        		.uleb128 0xe
 828 00d1 3A        		.uleb128 0x3a
 829 00d2 0B        		.uleb128 0xb
 830 00d3 3B        		.uleb128 0x3b
 831 00d4 0B        		.uleb128 0xb
 832 00d5 27        		.uleb128 0x27
 833 00d6 0C        		.uleb128 0xc
 834 00d7 11        		.uleb128 0x11
 835 00d8 01        		.uleb128 0x1
GAS LISTING C:\Users\Arthur\AppData\Local\Temp/ccKTiGVf.s 			page 16


 836 00d9 12        		.uleb128 0x12
 837 00da 01        		.uleb128 0x1
 838 00db 40        		.uleb128 0x40
 839 00dc 0A        		.uleb128 0xa
 840 00dd 00        		.byte	0x0
 841 00de 00        		.byte	0x0
 842 00df 12        		.uleb128 0x12
 843 00e0 2E        		.uleb128 0x2e
 844 00e1 00        		.byte	0x0
 845 00e2 3F        		.uleb128 0x3f
 846 00e3 0C        		.uleb128 0xc
 847 00e4 03        		.uleb128 0x3
 848 00e5 0E        		.uleb128 0xe
 849 00e6 3A        		.uleb128 0x3a
 850 00e7 0B        		.uleb128 0xb
 851 00e8 3B        		.uleb128 0x3b
 852 00e9 0B        		.uleb128 0xb
 853 00ea 27        		.uleb128 0x27
 854 00eb 0C        		.uleb128 0xc
 855 00ec 49        		.uleb128 0x49
 856 00ed 13        		.uleb128 0x13
 857 00ee 11        		.uleb128 0x11
 858 00ef 01        		.uleb128 0x1
 859 00f0 12        		.uleb128 0x12
 860 00f1 01        		.uleb128 0x1
 861 00f2 40        		.uleb128 0x40
 862 00f3 0A        		.uleb128 0xa
 863 00f4 00        		.byte	0x0
 864 00f5 00        		.byte	0x0
 865 00f6 00        		.byte	0x0
 866               		.section	.debug_pubnames,"",@progbits
 867 0000 4D00 0000 		.long	0x4d
 868 0004 0200      		.word	0x2
 869 0006 0000 0000 		.long	.Ldebug_info0
 870 000a 9301 0000 		.long	0x193
 871 000e B800 0000 		.long	0xb8
 872 0012 7761 6974 		.string	"wait"
 872      00
 873 0017 3E01 0000 		.long	0x13e
 874 001b 5F5F 7665 		.string	"__vector_1"
 874      6374 6F72 
 874      5F31 00
 875 0026 5201 0000 		.long	0x152
 876 002a 5F5F 7665 		.string	"__vector_2"
 876      6374 6F72 
 876      5F32 00
 877 0035 6601 0000 		.long	0x166
 878 0039 5F5F 7665 		.string	"__vector_5"
 878      6374 6F72 
 878      5F35 00
 879 0044 7A01 0000 		.long	0x17a
 880 0048 6D61 696E 		.string	"main"
 880      00
 881 004d 0000 0000 		.long	0x0
 882               		.section	.debug_aranges,"",@progbits
 883 0000 1C00 0000 		.long	0x1c
 884 0004 0200      		.word	0x2
GAS LISTING C:\Users\Arthur\AppData\Local\Temp/ccKTiGVf.s 			page 17


 885 0006 0000 0000 		.long	.Ldebug_info0
 886 000a 04        		.byte	0x4
 887 000b 00        		.byte	0x0
 888 000c 0000      		.word	0x0
 889 000e 0000      		.word	0x0
 890 0010 0000 0000 		.long	.Ltext0
 891 0014 9000 0000 		.long	.Letext0-.Ltext0
 892 0018 0000 0000 		.long	0x0
 893 001c 0000 0000 		.long	0x0
 894               		.section	.debug_str,"MS",@progbits,1
 895               	.LASF19:
 896 0000 696F 6973 		.string	"ioisr.c"
 896      722E 6300 
 897               	.LASF1:
 898 0008 756E 7369 		.string	"unsigned char"
 898      676E 6564 
 898      2063 6861 
 898      7200 
 899               	.LASF7:
 900 0016 5F64 656C 		.string	"_delay_loop_2"
 900      6179 5F6C 
 900      6F6F 705F 
 900      3200 
 901               	.LASF4:
 902 0024 6C6F 6E67 		.string	"long unsigned int"
 902      2075 6E73 
 902      6967 6E65 
 902      6420 696E 
 902      7400 
 903               	.LASF15:
 904 0036 5F5F 7665 		.string	"__vector_2"
 904      6374 6F72 
 904      5F32 00
 905               	.LASF8:
 906 0041 5F64 656C 		.string	"_delay_ms"
 906      6179 5F6D 
 906      7300 
 907               	.LASF14:
 908 004b 5F5F 7665 		.string	"__vector_1"
 908      6374 6F72 
 908      5F31 00
 909               	.LASF13:
 910 0056 646F 7562 		.string	"double"
 910      6C65 00
 911               	.LASF20:
 912 005d 43        		.ascii	"C"
 913 005e 3A5C 5573 		.string	":\\Users\\Arthur\\Documents\\GitHub\\ti-2.3-microcontrollers\\#2\\ioisr"
 913      6572 735C 
 913      4172 7468 
 913      7572 5C44 
 913      6F63 756D 
 914               	.LASF17:
 915 009f 6D61 696E 		.string	"main"
 915      00
 916               	.LASF22:
 917 00a4 7761 6974 		.string	"wait"
 917      00
GAS LISTING C:\Users\Arthur\AppData\Local\Temp/ccKTiGVf.s 			page 18


 918               	.LASF2:
 919 00a9 756E 7369 		.string	"unsigned int"
 919      676E 6564 
 919      2069 6E74 
 919      00
 920               	.LASF6:
 921 00b6 6C6F 6E67 		.string	"long long unsigned int"
 921      206C 6F6E 
 921      6720 756E 
 921      7369 676E 
 921      6564 2069 
 922               	.LASF5:
 923 00cd 6C6F 6E67 		.string	"long long int"
 923      206C 6F6E 
 923      6720 696E 
 923      7400 
 924               	.LASF21:
 925 00db 7569 6E74 		.string	"uint16_t"
 925      3136 5F74 
 925      00
 926               	.LASF9:
 927 00e4 5F5F 636F 		.string	"__count"
 927      756E 7400 
 928               	.LASF18:
 929 00ec 474E 5520 		.string	"GNU C 4.1.2 (WinAVR 20070525)"
 929      4320 342E 
 929      312E 3220 
 929      2857 696E 
 929      4156 5220 
 930               	.LASF12:
 931 010a 5F5F 746D 		.string	"__tmp"
 931      7000 
 932               	.LASF11:
 933 0110 5F5F 7469 		.string	"__ticks"
 933      636B 7300 
 934               	.LASF16:
 935 0118 5F5F 7665 		.string	"__vector_5"
 935      6374 6F72 
 935      5F35 00
 936               	.LASF3:
 937 0123 6C6F 6E67 		.string	"long int"
 937      2069 6E74 
 937      00
 938               	.LASF0:
 939 012c 7369 676E 		.string	"signed char"
 939      6564 2063 
 939      6861 7200 
 940               	.LASF10:
 941 0138 5F5F 6D73 		.string	"__ms"
 941      00
 942               	/* File "ioisr.c": code   75 = 0x004b (  44), prologues  15, epilogues  16 */
GAS LISTING C:\Users\Arthur\AppData\Local\Temp/ccKTiGVf.s 			page 19


DEFINED SYMBOLS
                            *ABS*:00000000 ioisr.c
C:\Users\Arthur\AppData\Local\Temp/ccKTiGVf.s:3      *ABS*:0000003f __SREG__
C:\Users\Arthur\AppData\Local\Temp/ccKTiGVf.s:4      *ABS*:0000003e __SP_H__
C:\Users\Arthur\AppData\Local\Temp/ccKTiGVf.s:5      *ABS*:0000003d __SP_L__
C:\Users\Arthur\AppData\Local\Temp/ccKTiGVf.s:6      *ABS*:00000000 __tmp_reg__
C:\Users\Arthur\AppData\Local\Temp/ccKTiGVf.s:7      *ABS*:00000001 __zero_reg__
C:\Users\Arthur\AppData\Local\Temp/ccKTiGVf.s:20     .text:00000000 wait
C:\Users\Arthur\AppData\Local\Temp/ccKTiGVf.s:67     .text:0000001e __vector_1
C:\Users\Arthur\AppData\Local\Temp/ccKTiGVf.s:91     .text:00000034 __vector_2
C:\Users\Arthur\AppData\Local\Temp/ccKTiGVf.s:115    .text:0000004a __vector_5
C:\Users\Arthur\AppData\Local\Temp/ccKTiGVf.s:139    .text:00000060 main

UNDEFINED SYMBOLS
__do_copy_data
__do_clear_bss
